<!DOCTYPE html>
<html>
  <head>
    <meta charset="utf-8"/>
    <title>Test Report</title>
    <link href="assets/style.css" rel="stylesheet" type="text/css"/></head>
  <body onLoad="init()">
    <script>/* This Source Code Form is subject to the terms of the Mozilla Public
 * License, v. 2.0. If a copy of the MPL was not distributed with this file,
 * You can obtain one at http://mozilla.org/MPL/2.0/. */


function toArray(iter) {
    if (iter === null) {
        return null;
    }
    return Array.prototype.slice.call(iter);
}

function find(selector, elem) { // eslint-disable-line no-redeclare
    if (!elem) {
        elem = document;
    }
    return elem.querySelector(selector);
}

function findAll(selector, elem) {
    if (!elem) {
        elem = document;
    }
    return toArray(elem.querySelectorAll(selector));
}

function sortColumn(elem) {
    toggleSortStates(elem);
    const colIndex = toArray(elem.parentNode.childNodes).indexOf(elem);
    let key;
    if (elem.classList.contains('result')) {
        key = keyResult;
    } else if (elem.classList.contains('links')) {
        key = keyLink;
    } else {
        key = keyAlpha;
    }
    sortTable(elem, key(colIndex));
}

function showAllExtras() { // eslint-disable-line no-unused-vars
    findAll('.col-result').forEach(showExtras);
}

function hideAllExtras() { // eslint-disable-line no-unused-vars
    findAll('.col-result').forEach(hideExtras);
}

function showExtras(colresultElem) {
    const extras = colresultElem.parentNode.nextElementSibling;
    const expandcollapse = colresultElem.firstElementChild;
    extras.classList.remove('collapsed');
    expandcollapse.classList.remove('expander');
    expandcollapse.classList.add('collapser');
}

function hideExtras(colresultElem) {
    const extras = colresultElem.parentNode.nextElementSibling;
    const expandcollapse = colresultElem.firstElementChild;
    extras.classList.add('collapsed');
    expandcollapse.classList.remove('collapser');
    expandcollapse.classList.add('expander');
}

function showFilters() {
    const filterItems = document.getElementsByClassName('filter');
    for (let i = 0; i < filterItems.length; i++)
        filterItems[i].hidden = false;
}

function addCollapse() {
    // Add links for show/hide all
    const resulttable = find('table#results-table');
    const showhideall = document.createElement('p');
    showhideall.innerHTML = '<a href="javascript:showAllExtras()">Show all details</a> / ' +
                            '<a href="javascript:hideAllExtras()">Hide all details</a>';
    resulttable.parentElement.insertBefore(showhideall, resulttable);

    // Add show/hide link to each result
    findAll('.col-result').forEach(function(elem) {
        const collapsed = getQueryParameter('collapsed') || 'Passed';
        const extras = elem.parentNode.nextElementSibling;
        const expandcollapse = document.createElement('span');
        if (extras.classList.contains('collapsed')) {
            expandcollapse.classList.add('expander');
        } else if (collapsed.includes(elem.innerHTML)) {
            extras.classList.add('collapsed');
            expandcollapse.classList.add('expander');
        } else {
            expandcollapse.classList.add('collapser');
        }
        elem.appendChild(expandcollapse);

        elem.addEventListener('click', function(event) {
            if (event.currentTarget.parentNode.nextElementSibling.classList.contains('collapsed')) {
                showExtras(event.currentTarget);
            } else {
                hideExtras(event.currentTarget);
            }
        });
    });
}

function getQueryParameter(name) {
    const match = RegExp('[?&]' + name + '=([^&]*)').exec(window.location.search);
    return match && decodeURIComponent(match[1].replace(/\+/g, ' '));
}

function init () { // eslint-disable-line no-unused-vars
    resetSortHeaders();

    addCollapse();

    showFilters();

    sortColumn(find('.initial-sort'));

    findAll('.sortable').forEach(function(elem) {
        elem.addEventListener('click',
            function() {
                sortColumn(elem);
            }, false);
    });
}

function sortTable(clicked, keyFunc) {
    const rows = findAll('.results-table-row');
    const reversed = !clicked.classList.contains('asc');
    const sortedRows = sort(rows, keyFunc, reversed);
    /* Whole table is removed here because browsers acts much slower
     * when appending existing elements.
     */
    const thead = document.getElementById('results-table-head');
    document.getElementById('results-table').remove();
    const parent = document.createElement('table');
    parent.id = 'results-table';
    parent.appendChild(thead);
    sortedRows.forEach(function(elem) {
        parent.appendChild(elem);
    });
    document.getElementsByTagName('BODY')[0].appendChild(parent);
}

function sort(items, keyFunc, reversed) {
    const sortArray = items.map(function(item, i) {
        return [keyFunc(item), i];
    });

    sortArray.sort(function(a, b) {
        const keyA = a[0];
        const keyB = b[0];

        if (keyA == keyB) return 0;

        if (reversed) {
            return keyA < keyB ? 1 : -1;
        } else {
            return keyA > keyB ? 1 : -1;
        }
    });

    return sortArray.map(function(item) {
        const index = item[1];
        return items[index];
    });
}

function keyAlpha(colIndex) {
    return function(elem) {
        return elem.childNodes[1].childNodes[colIndex].firstChild.data.toLowerCase();
    };
}

function keyLink(colIndex) {
    return function(elem) {
        const dataCell = elem.childNodes[1].childNodes[colIndex].firstChild;
        return dataCell == null ? '' : dataCell.innerText.toLowerCase();
    };
}

function keyResult(colIndex) {
    return function(elem) {
        const strings = ['Error', 'Failed', 'Rerun', 'XFailed', 'XPassed',
            'Skipped', 'Passed'];
        return strings.indexOf(elem.childNodes[1].childNodes[colIndex].firstChild.data);
    };
}

function resetSortHeaders() {
    findAll('.sort-icon').forEach(function(elem) {
        elem.parentNode.removeChild(elem);
    });
    findAll('.sortable').forEach(function(elem) {
        const icon = document.createElement('div');
        icon.className = 'sort-icon';
        icon.textContent = 'vvv';
        elem.insertBefore(icon, elem.firstChild);
        elem.classList.remove('desc', 'active');
        elem.classList.add('asc', 'inactive');
    });
}

function toggleSortStates(elem) {
    //if active, toggle between asc and desc
    if (elem.classList.contains('active')) {
        elem.classList.toggle('asc');
        elem.classList.toggle('desc');
    }

    //if inactive, reset all other functions and add ascending active
    if (elem.classList.contains('inactive')) {
        resetSortHeaders();
        elem.classList.remove('inactive');
        elem.classList.add('active');
    }
}

function isAllRowsHidden(value) {
    return value.hidden == false;
}

function filterTable(elem) { // eslint-disable-line no-unused-vars
    const outcomeAtt = 'data-test-result';
    const outcome = elem.getAttribute(outcomeAtt);
    const classOutcome = outcome + ' results-table-row';
    const outcomeRows = document.getElementsByClassName(classOutcome);

    for(let i = 0; i < outcomeRows.length; i++){
        outcomeRows[i].hidden = !elem.checked;
    }

    const rows = findAll('.results-table-row').filter(isAllRowsHidden);
    const allRowsHidden = rows.length == 0 ? true : false;
    const notFoundMessage = document.getElementById('not-found-message');
    notFoundMessage.hidden = !allRowsHidden;
}
</script>
    <h1>report.html</h1>
    <p>Report generated on 21-Jun-2022 at 15:10:01 by <a href="https://pypi.python.org/pypi/pytest-html">pytest-html</a> v3.1.1</p>
    <h2>Environment</h2>
    <table id="environment">
      <tr>
        <td>Packages</td>
        <td>{"pluggy": "1.0.0", "py": "1.11.0", "pytest": "7.1.2"}</td></tr>
      <tr>
        <td>Platform</td>
        <td>macOS-10.16-x86_64-i386-64bit</td></tr>
      <tr>
        <td>Plugins</td>
        <td>{"allure-pytest": "2.9.45", "forked": "1.4.0", "html": "3.1.1", "html-reporter": "0.2.9", "metadata": "2.0.1", "xdist": "2.5.0"}</td></tr>
      <tr>
        <td>Python</td>
        <td>3.9.1</td></tr></table>
    <h2>Summary</h2>
    <p>14 tests ran in 138.22 seconds. </p>
    <p class="filter" hidden="true">(Un)check the boxes to filter the results.</p><input checked="true" class="filter" data-test-result="passed" hidden="true" name="filter_checkbox" onChange="filterTable(this)" type="checkbox"/><span class="passed">11 passed</span>, <input checked="true" class="filter" data-test-result="skipped" disabled="true" hidden="true" name="filter_checkbox" onChange="filterTable(this)" type="checkbox"/><span class="skipped">0 skipped</span>, <input checked="true" class="filter" data-test-result="failed" hidden="true" name="filter_checkbox" onChange="filterTable(this)" type="checkbox"/><span class="failed">3 failed</span>, <input checked="true" class="filter" data-test-result="error" disabled="true" hidden="true" name="filter_checkbox" onChange="filterTable(this)" type="checkbox"/><span class="error">0 errors</span>, <input checked="true" class="filter" data-test-result="xfailed" disabled="true" hidden="true" name="filter_checkbox" onChange="filterTable(this)" type="checkbox"/><span class="xfailed">0 expected failures</span>, <input checked="true" class="filter" data-test-result="xpassed" disabled="true" hidden="true" name="filter_checkbox" onChange="filterTable(this)" type="checkbox"/><span class="xpassed">0 unexpected passes</span>
    <h2>Results</h2>
    <table id="results-table">
      <thead id="results-table-head">
        <tr>
          <th class="sortable result initial-sort" col="result">Result</th>
          <th class="sortable" col="name">Test</th>
          <th class="sortable" col="duration">Duration</th>
          <th class="sortable links" col="links">Links</th></tr>
        <tr hidden="true" id="not-found-message">
          <th colspan="4">No results found. Try to check the filters</th></tr></thead>
      <tbody class="failed results-table-row">
        <tr>
          <td class="col-result">Failed</td>
          <td class="col-name">tests/test_registration.py::Test_Registration::test_validate_exception_for_mandatory_fields_in_registration</td>
          <td class="col-duration">53.13</td>
          <td class="col-links"></td></tr>
        <tr>
          <td class="extra" colspan="4">
            <div><div><img src="screenshots/test_validate_exception_for_mandatory_fields_in_registration.png" alt="screenshot" style="width:304px;height:228px;" onclick="window.open(this.src)" align="right"/></div></div>
            <div class="log">[gw5] darwin -- Python 3.9.1 /Users/vsramana/Documents/local-test-scrambler/venv/bin/python<br/>[gw5] darwin -- Python 3.9.1 /Users/vsramana/Documents/local-test-scrambler/venv/bin/python[gw5] darwin -- Python 3.9.1 /Users/vsramana/Documents/local-test-scrambler/venv/bin/python<br/><br/>self = &lt;tests.test_registration.Test_Registration object at 0x7fa87654a9a0&gt;<br/>dataLoad = {&#x27;testcases&#x27;: [{&#x27;additionalinfo&#x27;: &#x27;abcd12345567890xyz&#x27;, &#x27;address1&#x27;: &#x27;123, abc, valid address&#x27;, &#x27;address2&#x27;: &#x27;Star build... ...}, {&#x27;emailid&#x27;: &#x27;centimetest1@gmail.com&#x27;, &#x27;password&#x27;: &#x27;centime123&#x27;, &#x27;testcaseid&#x27;: &#x27;TC6&#x27;}, ...], &#x27;title&#x27;: &#x27;My Store&#x27;}<br/><br/>    @pytest.mark.registration<br/>    @pytest.mark.negative_registration<br/>    def test_validate_exception_for_mandatory_fields_in_registration(self, dataLoad):<br/>        log = logger<br/>        home = HomePage(self.driver)<br/>        signIn = SignUpandInPage(self.driver)<br/>        actions = Actions(self.driver)<br/>        data = reusableFunctions.getTestCaseData(dataLoad, &quot;TC4&quot;)<br/>    <br/>        home.getTitle()<br/>        reusableFunctions.isTitle(home.getTitle(), &quot;My Store&quot;)<br/>        actions.click(home.getSignInBtn())<br/>        log.info(&quot;Clicked on Sign In Button&quot;)<br/>    <br/>        reusableFunctions.isDisplayed(signIn.getAuthenticationLbl(), &quot;Sign In Page&quot;)<br/>    <br/>        actions.click(signIn.getEmailIDCreate())<br/>        actions.sendKeys(signIn.getEmailIDCreate(), data.get(&quot;emailid&quot;))<br/>        actions.click(signIn.getCreateAccountBtn())<br/>    <br/>        reusableFunctions.isDisplayed(signIn.getPersonalInformationLbl(), &quot;Registration Form&quot;)<br/>        signIn.getAliasAddrTxt().clear()<br/>        actions.click(signIn.getSubmitBtn())<br/>        reusableFunctions.isDisplayed(signIn.getErrorDetails(), &quot;Error Details List&quot;)<br/>        reusableFunctions.isDisplayed(signIn.getAtleastOnePhNumberError(),<br/>                                      &quot;You must register at least one phone number&quot;)<br/>        reusableFunctions.isDisplayed(signIn.getLastNameRequiredError(), &quot;Last Name is required&quot;)<br/>        reusableFunctions.isDisplayed(signIn.getFirstNameRequiredError(), &quot;First Name is required&quot;)<br/>        reusableFunctions.isDisplayed(signIn.getPasswordRequiredError(), &quot;Password is required&quot;)<br/>        reusableFunctions.isDisplayed(signIn.getAddress1Txt(), &quot;Address 1 is required&quot;)<br/>        reusableFunctions.isDisplayed(signIn.getCityRequiredError(), &quot;City is required&quot;)<br/>        reusableFunctions.isDisplayed(signIn.getStateRequiredError(), &quot;State is Required&quot;)<br/>&gt;       reusableFunctions.isDisplayed(signIn.getPostalCodegeRequiredError(), &quot;Postal Code is Required&quot;)<br/><span class="error">E       AttributeError: &#x27;SignUpandInPage&#x27; object has no attribute &#x27;getPostalCodegeRequiredError&#x27;</span><br/><br/>tests/test_registration.py:145: AttributeError[gw5] darwin -- Python 3.9.1 /Users/vsramana/Documents/local-test-scrambler/venv/bin/python<br/> -----------------------------Captured stdout setup------------------------------ <br/>

<br/> -----------------------------Captured stderr setup------------------------------ <br/>[WDM] - xdist worker is: gw5
[WDM] - ====== WebDriver manager ======
[WDM] - Current google-chrome version is 102.0.5005
[WDM] - Get LATEST chromedriver version for 102.0.5005 google-chrome
[WDM] - Driver [/Users/vsramana/.wdm/gw5/drivers/chromedriver/mac64/102.0.5005.61/chromedriver] found in cache
<br/> -------------------------------Captured log setup------------------------------- <br/>INFO     WDM:logger.py:16 xdist worker is: gw5
INFO     WDM:logger.py:16 ====== WebDriver manager ======
INFO     WDM:logger.py:16 Current google-chrome version is 102.0.5005
INFO     WDM:logger.py:16 Get LATEST chromedriver version for 102.0.5005 google-chrome
INFO     WDM:logger.py:16 Driver [/Users/vsramana/.wdm/gw5/drivers/chromedriver/mac64/102.0.5005.61/chromedriver] found in cache<br/></div></td></tr></tbody>
      <tbody class="failed results-table-row">
        <tr>
          <td class="col-result">Failed</td>
          <td class="col-name">tests/test_registration.py::Test_Registration::test_validate_exception_for_invalid_registration</td>
          <td class="col-duration">31.93</td>
          <td class="col-links"></td></tr>
        <tr>
          <td class="extra" colspan="4">
            <div><div><img src="screenshots/test_validate_exception_for_invalid_registration.png" alt="screenshot" style="width:304px;height:228px;" onclick="window.open(this.src)" align="right"/></div></div>
            <div class="log">[gw3] darwin -- Python 3.9.1 /Users/vsramana/Documents/local-test-scrambler/venv/bin/python<br/>[gw3] darwin -- Python 3.9.1 /Users/vsramana/Documents/local-test-scrambler/venv/bin/python[gw3] darwin -- Python 3.9.1 /Users/vsramana/Documents/local-test-scrambler/venv/bin/python<br/><br/>self = &lt;tests.test_registration.Test_Registration object at 0x7f8326350700&gt;<br/>dataLoad = {&#x27;testcases&#x27;: [{&#x27;additionalinfo&#x27;: &#x27;abcd12345567890xyz&#x27;, &#x27;address1&#x27;: &#x27;123, abc, valid address&#x27;, &#x27;address2&#x27;: &#x27;Star build... ...}, {&#x27;emailid&#x27;: &#x27;centimetest1@gmail.com&#x27;, &#x27;password&#x27;: &#x27;centime123&#x27;, &#x27;testcaseid&#x27;: &#x27;TC6&#x27;}, ...], &#x27;title&#x27;: &#x27;My Store&#x27;}<br/><br/>    @pytest.mark.registration<br/>    @pytest.mark.postive_registration<br/>    def test_validate_exception_for_invalid_registration(self, dataLoad):<br/>        log = logger<br/>        home = HomePage(self.driver)<br/>        signIn = SignUpandInPage(self.driver)<br/>        actions = Actions(self.driver)<br/>        data = reusableFunctions.getTestCaseData(dataLoad, &quot;TC5&quot;)<br/>    <br/>        home.getTitle()<br/>        reusableFunctions.isTitle(home.getTitle(), &quot;My Store&quot;)<br/>        actions.click(home.getSignInBtn())<br/>        log.info(&quot;Clicked on Sign In Button&quot;)<br/>    <br/>        reusableFunctions.isDisplayed(signIn.getAuthenticationLbl(), &quot;Sign In Page&quot;)<br/>    <br/>        actions.click(signIn.getEmailIDCreate())<br/>        actions.sendKeys(signIn.getEmailIDCreate(), data.get(&quot;emailid&quot;))<br/>        actions.click(signIn.getCreateAccountBtn())<br/>    <br/>        reusableFunctions.isDisplayed(signIn.getPersonalInformationLbl(), &quot;Registration Form&quot;)<br/>        actions.sendKeys(signIn.getCustFirstNameTxt(), data.get(&quot;firstname&quot;))<br/>        actions.sendKeys(signIn.getCustLastNameTxt(), data.get(&quot;lastname&quot;))<br/>        actions.clear(signIn.getEmailIdTxt())<br/>        actions.sendKeys(signIn.getEmailIdTxt(), data.get(&quot;emailinvalid&quot;))<br/>        actions.sendKeys(signIn.getPasswordTxt(), data.get(&quot;password&quot;))<br/>&gt;       actions.click(signIn.getPostCodeTxt())<br/><br/>tests/test_registration.py:202: <br/>_ _ _ _ _ _ _ _ _ _ _ _ _ _ _ _ _ _ _ _ _ _ _ _ _ _ _ _ _ _ _ _ _ _ _ _ _ _ _ _ <br/>utilities/Actions.py:11: in click<br/>    element.click()<br/>../../local-test-scrambler/venv/lib/python3.9/site-packages/selenium/webdriver/remote/webelement.py:89: in click<br/>    self._execute(Command.CLICK_ELEMENT)<br/>../../local-test-scrambler/venv/lib/python3.9/site-packages/selenium/webdriver/remote/webelement.py:773: in _execute<br/>    return self._parent.execute(command, params)<br/>../../local-test-scrambler/venv/lib/python3.9/site-packages/selenium/webdriver/remote/webdriver.py:430: in execute<br/>    self.error_handler.check_response(response)<br/>_ _ _ _ _ _ _ _ _ _ _ _ _ _ _ _ _ _ _ _ _ _ _ _ _ _ _ _ _ _ _ _ _ _ _ _ _ _ _ _ <br/><br/>self = &lt;selenium.webdriver.remote.errorhandler.ErrorHandler object at 0x7f83263b5910&gt;<br/>response = {&#x27;status&#x27;: 400, &#x27;value&#x27;: &#x27;{&quot;value&quot;:{&quot;error&quot;:&quot;element not interactable&quot;,&quot;message&quot;:&quot;element not interactable\\n  (Sessio...ff8176d64e1 _pthread_start + 125\\n21  libsystem_pthread.dylib             0x00007ff8176d1f6b thread_start + 15\\n&quot;}}&#x27;}<br/><br/>    def check_response(self, response: Dict[str, Any]) -&gt; None:<br/>        &quot;&quot;&quot;<br/>        Checks that a JSON response from the WebDriver does not have an error.<br/>    <br/>        :Args:<br/>         - response - The JSON response from the WebDriver server as a dictionary<br/>           object.<br/>    <br/>        :Raises: If the response contains an error message.<br/>        &quot;&quot;&quot;<br/>        status = response.get(&#x27;status&#x27;, None)<br/>        if not status or status == ErrorCode.SUCCESS:<br/>            return<br/>        value = None<br/>        message = response.get(&quot;message&quot;, &quot;&quot;)<br/>        screen: str = response.get(&quot;screen&quot;, &quot;&quot;)<br/>        stacktrace = None<br/>        if isinstance(status, int):<br/>            value_json = response.get(&#x27;value&#x27;, None)<br/>            if value_json and isinstance(value_json, str):<br/>                import json<br/>                try:<br/>                    value = json.loads(value_json)<br/>                    if len(value.keys()) == 1:<br/>                        value = value[&#x27;value&#x27;]<br/>                    status = value.get(&#x27;error&#x27;, None)<br/>                    if not status:<br/>                        status = value.get(&quot;status&quot;, ErrorCode.UNKNOWN_ERROR)<br/>                        message = value.get(&quot;value&quot;) or value.get(&quot;message&quot;)<br/>                        if not isinstance(message, str):<br/>                            value = message<br/>                            message = message.get(&#x27;message&#x27;)<br/>                    else:<br/>                        message = value.get(&#x27;message&#x27;, None)<br/>                except ValueError:<br/>                    pass<br/>    <br/>        exception_class: Type[WebDriverException]<br/>        if status in ErrorCode.NO_SUCH_ELEMENT:<br/>            exception_class = NoSuchElementException<br/>        elif status in ErrorCode.NO_SUCH_FRAME:<br/>            exception_class = NoSuchFrameException<br/>        elif status in ErrorCode.NO_SUCH_SHADOW_ROOT:<br/>            exception_class = NoSuchShadowRootException<br/>        elif status in ErrorCode.NO_SUCH_WINDOW:<br/>            exception_class = NoSuchWindowException<br/>        elif status in ErrorCode.STALE_ELEMENT_REFERENCE:<br/>            exception_class = StaleElementReferenceException<br/>        elif status in ErrorCode.ELEMENT_NOT_VISIBLE:<br/>            exception_class = ElementNotVisibleException<br/>        elif status in ErrorCode.INVALID_ELEMENT_STATE:<br/>            exception_class = InvalidElementStateException<br/>        elif status in ErrorCode.INVALID_SELECTOR \<br/>                or status in ErrorCode.INVALID_XPATH_SELECTOR \<br/>                or status in ErrorCode.INVALID_XPATH_SELECTOR_RETURN_TYPER:<br/>            exception_class = InvalidSelectorException<br/>        elif status in ErrorCode.ELEMENT_IS_NOT_SELECTABLE:<br/>            exception_class = ElementNotSelectableException<br/>        elif status in ErrorCode.ELEMENT_NOT_INTERACTABLE:<br/>            exception_class = ElementNotInteractableException<br/>        elif status in ErrorCode.INVALID_COOKIE_DOMAIN:<br/>            exception_class = InvalidCookieDomainException<br/>        elif status in ErrorCode.UNABLE_TO_SET_COOKIE:<br/>            exception_class = UnableToSetCookieException<br/>        elif status in ErrorCode.TIMEOUT:<br/>            exception_class = TimeoutException<br/>        elif status in ErrorCode.SCRIPT_TIMEOUT:<br/>            exception_class = TimeoutException<br/>        elif status in ErrorCode.UNKNOWN_ERROR:<br/>            exception_class = WebDriverException<br/>        elif status in ErrorCode.UNEXPECTED_ALERT_OPEN:<br/>            exception_class = UnexpectedAlertPresentException<br/>        elif status in ErrorCode.NO_ALERT_OPEN:<br/>            exception_class = NoAlertPresentException<br/>        elif status in ErrorCode.IME_NOT_AVAILABLE:<br/>            exception_class = ImeNotAvailableException<br/>        elif status in ErrorCode.IME_ENGINE_ACTIVATION_FAILED:<br/>            exception_class = ImeActivationFailedException<br/>        elif status in ErrorCode.MOVE_TARGET_OUT_OF_BOUNDS:<br/>            exception_class = MoveTargetOutOfBoundsException<br/>        elif status in ErrorCode.JAVASCRIPT_ERROR:<br/>            exception_class = JavascriptException<br/>        elif status in ErrorCode.SESSION_NOT_CREATED:<br/>            exception_class = SessionNotCreatedException<br/>        elif status in ErrorCode.INVALID_ARGUMENT:<br/>            exception_class = InvalidArgumentException<br/>        elif status in ErrorCode.NO_SUCH_COOKIE:<br/>            exception_class = NoSuchCookieException<br/>        elif status in ErrorCode.UNABLE_TO_CAPTURE_SCREEN:<br/>            exception_class = ScreenshotException<br/>        elif status in ErrorCode.ELEMENT_CLICK_INTERCEPTED:<br/>            exception_class = ElementClickInterceptedException<br/>        elif status in ErrorCode.INSECURE_CERTIFICATE:<br/>            exception_class = InsecureCertificateException<br/>        elif status in ErrorCode.INVALID_COORDINATES:<br/>            exception_class = InvalidCoordinatesException<br/>        elif status in ErrorCode.INVALID_SESSION_ID:<br/>            exception_class = InvalidSessionIdException<br/>        elif status in ErrorCode.UNKNOWN_METHOD:<br/>            exception_class = UnknownMethodException<br/>        else:<br/>            exception_class = WebDriverException<br/>        if not value:<br/>            value = response[&#x27;value&#x27;]<br/>        if isinstance(value, str):<br/>            raise exception_class(value)<br/>        if message == &quot;&quot; and &#x27;message&#x27; in value:<br/>            message = value[&#x27;message&#x27;]<br/>    <br/>        screen = None  # type: ignore[assignment]<br/>        if &#x27;screen&#x27; in value:<br/>            screen = value[&#x27;screen&#x27;]<br/>    <br/>        stacktrace = None<br/>        st_value = value.get(&#x27;stackTrace&#x27;) or value.get(&#x27;stacktrace&#x27;)<br/>        if st_value:<br/>            if isinstance(st_value, str):<br/>                stacktrace = st_value.split(&#x27;\n&#x27;)<br/>            else:<br/>                stacktrace = []<br/>                try:<br/>                    for frame in st_value:<br/>                        line = self._value_or_default(frame, &#x27;lineNumber&#x27;, &#x27;&#x27;)<br/>                        file = self._value_or_default(frame, &#x27;fileName&#x27;, &#x27;&lt;anonymous&gt;&#x27;)<br/>                        if line:<br/>                            file = &quot;%s:%s&quot; % (file, line)<br/>                        meth = self._value_or_default(frame, &#x27;methodName&#x27;, &#x27;&lt;anonymous&gt;&#x27;)<br/>                        if &#x27;className&#x27; in frame:<br/>                            meth = &quot;%s.%s&quot; % (frame[&#x27;className&#x27;], meth)<br/>                        msg = &quot;    at %s (%s)&quot;<br/>                        msg = msg % (meth, file)<br/>                        stacktrace.append(msg)<br/>                except TypeError:<br/>                    pass<br/>        if exception_class == UnexpectedAlertPresentException:<br/>            alert_text = None<br/>            if &#x27;data&#x27; in value:<br/>                alert_text = value[&#x27;data&#x27;].get(&#x27;text&#x27;)<br/>            elif &#x27;alert&#x27; in value:<br/>                alert_text = value[&#x27;alert&#x27;].get(&#x27;text&#x27;)<br/>            raise exception_class(message, screen, stacktrace, alert_text)  # type: ignore[call-arg]  # mypy is not smart enough here<br/>&gt;       raise exception_class(message, screen, stacktrace)<br/><span class="error">E       selenium.common.exceptions.ElementNotInteractableException: Message: element not interactable</span><br/><span class="error">E         (Session info: chrome=102.0.5005.115)</span><br/><span class="error">E       Stacktrace:</span><br/><span class="error">E       0   chromedriver                        0x000000010d1d0d19 chromedriver + 5197081</span><br/><span class="error">E       1   chromedriver                        0x000000010d15eb23 chromedriver + 4729635</span><br/><span class="error">E       2   chromedriver                        0x000000010cd3c16f chromedriver + 393583</span><br/><span class="error">E       3   chromedriver                        0x000000010cd72477 chromedriver + 615543</span><br/><span class="error">E       4   chromedriver                        0x000000010cd66689 chromedriver + 566921</span><br/><span class="error">E       5   chromedriver                        0x000000010cd8e802 chromedriver + 731138</span><br/><span class="error">E       6   chromedriver                        0x000000010cd65f45 chromedriver + 565061</span><br/><span class="error">E       7   chromedriver                        0x000000010cd8e90e chromedriver + 731406</span><br/><span class="error">E       8   chromedriver                        0x000000010cda12a1 chromedriver + 807585</span><br/><span class="error">E       9   chromedriver                        0x000000010cd8e6f3 chromedriver + 730867</span><br/><span class="error">E       10  chromedriver                        0x000000010cd64a49 chromedriver + 559689</span><br/><span class="error">E       11  chromedriver                        0x000000010cd65a75 chromedriver + 563829</span><br/><span class="error">E       12  chromedriver                        0x000000010d1a2bdd chromedriver + 5008349</span><br/><span class="error">E       13  chromedriver                        0x000000010d1a7b64 chromedriver + 5028708</span><br/><span class="error">E       14  chromedriver                        0x000000010d1acbcf chromedriver + 5049295</span><br/><span class="error">E       15  chromedriver                        0x000000010d1a87ca chromedriver + 5031882</span><br/><span class="error">E       16  chromedriver                        0x000000010d18259f chromedriver + 4875679</span><br/><span class="error">E       17  chromedriver                        0x000000010d1c2388 chromedriver + 5137288</span><br/><span class="error">E       18  chromedriver                        0x000000010d1c250f chromedriver + 5137679</span><br/><span class="error">E       19  chromedriver                        0x000000010d1d8085 chromedriver + 5226629</span><br/><span class="error">E       20  libsystem_pthread.dylib             0x00007ff8176d64e1 _pthread_start + 125</span><br/><span class="error">E       21  libsystem_pthread.dylib             0x00007ff8176d1f6b thread_start + 15</span><br/><br/>../../local-test-scrambler/venv/lib/python3.9/site-packages/selenium/webdriver/remote/errorhandler.py:247: ElementNotInteractableException[gw3] darwin -- Python 3.9.1 /Users/vsramana/Documents/local-test-scrambler/venv/bin/python<br/> -----------------------------Captured stdout setup------------------------------ <br/>

<br/> -----------------------------Captured stderr setup------------------------------ <br/>[WDM] - xdist worker is: gw3
[WDM] - ====== WebDriver manager ======
[WDM] - Current google-chrome version is 102.0.5005
[WDM] - Get LATEST chromedriver version for 102.0.5005 google-chrome
[WDM] - Driver [/Users/vsramana/.wdm/gw3/drivers/chromedriver/mac64/102.0.5005.61/chromedriver] found in cache
<br/> -------------------------------Captured log setup------------------------------- <br/>INFO     WDM:logger.py:16 xdist worker is: gw3
INFO     WDM:logger.py:16 ====== WebDriver manager ======
INFO     WDM:logger.py:16 Current google-chrome version is 102.0.5005
INFO     WDM:logger.py:16 Get LATEST chromedriver version for 102.0.5005 google-chrome
INFO     WDM:logger.py:16 Driver [/Users/vsramana/.wdm/gw3/drivers/chromedriver/mac64/102.0.5005.61/chromedriver] found in cache<br/></div></td></tr></tbody>
      <tbody class="failed results-table-row">
        <tr>
          <td class="col-result">Failed</td>
          <td class="col-name">tests/test_registration.py::Test_Registration::test_validate_exception_for_country_registration</td>
          <td class="col-duration">40.03</td>
          <td class="col-links"></td></tr>
        <tr>
          <td class="extra" colspan="4">
            <div><div><img src="screenshots/test_validate_exception_for_country_registration.png" alt="screenshot" style="width:304px;height:228px;" onclick="window.open(this.src)" align="right"/></div></div>
            <div class="log">[gw5] darwin -- Python 3.9.1 /Users/vsramana/Documents/local-test-scrambler/venv/bin/python<br/>[gw5] darwin -- Python 3.9.1 /Users/vsramana/Documents/local-test-scrambler/venv/bin/python[gw5] darwin -- Python 3.9.1 /Users/vsramana/Documents/local-test-scrambler/venv/bin/python<br/><br/>self = &lt;tests.test_registration.Test_Registration object at 0x7fa87654ac40&gt;<br/>dataLoad = {&#x27;testcases&#x27;: [{&#x27;additionalinfo&#x27;: &#x27;abcd12345567890xyz&#x27;, &#x27;address1&#x27;: &#x27;123, abc, valid address&#x27;, &#x27;address2&#x27;: &#x27;Star build... ...}, {&#x27;emailid&#x27;: &#x27;centimetest1@gmail.com&#x27;, &#x27;password&#x27;: &#x27;centime123&#x27;, &#x27;testcaseid&#x27;: &#x27;TC6&#x27;}, ...], &#x27;title&#x27;: &#x27;My Store&#x27;}<br/><br/>    @pytest.mark.registration<br/>    @pytest.mark.postive_registration<br/>    def test_validate_exception_for_country_registration(self, dataLoad):<br/>        log = logger<br/>        home = HomePage(self.driver)<br/>        signIn = SignUpandInPage(self.driver)<br/>        actions = Actions(self.driver)<br/>        data = reusableFunctions.getTestCaseData(dataLoad, &quot;TC4&quot;)<br/>    <br/>        home.getTitle()<br/>        reusableFunctions.isTitle(home.getTitle(), &quot;My Store&quot;)<br/>        actions.click(home.getSignInBtn())<br/>        log.info(&quot;Clicked on Sign In Button&quot;)<br/>    <br/>        reusableFunctions.isDisplayed(signIn.getAuthenticationLbl(), &quot;Sign In Page&quot;)<br/>    <br/>        actions.click(signIn.getEmailIDCreate())<br/>        actions.sendKeys(signIn.getEmailIDCreate(), data.get(&quot;emailid&quot;))<br/>        actions.click(signIn.getCreateAccountBtn())<br/>    <br/>&gt;       reusableFunctions.isDisplayed(signIn.getPersonalInformationLbl(), &quot;Registration Form&quot;)<br/><br/>tests/test_registration.py:168: <br/>_ _ _ _ _ _ _ _ _ _ _ _ _ _ _ _ _ _ _ _ _ _ _ _ _ _ _ _ _ _ _ _ _ _ _ _ _ _ _ _ <br/><br/>selector = &lt;selenium.webdriver.remote.webelement.WebElement (session=&quot;dd9e967b22828069728c7a521773674a&quot;, element=&quot;7a708401-7b49-46cc-956b-5b9b306d94cb&quot;)&gt;, text = &#x27;Registration Form&#x27;<br/><br/>    def isDisplayed(selector, text):<br/>        if selector.is_displayed():<br/>            logger.info(text + &quot;: Element is Displayed&quot;)<br/>            assert True<br/>        else:<br/>            logger.error(text + &quot;: Element is not Displayed&quot;)<br/>&gt;           assert False<br/><span class="error">E           AssertionError</span><br/><br/>utilities/ReusableFunctions.py:56: AssertionError[gw5] darwin -- Python 3.9.1 /Users/vsramana/Documents/local-test-scrambler/venv/bin/python<br/> -----------------------------Captured stdout setup------------------------------ <br/>

<br/> -----------------------------Captured stderr setup------------------------------ <br/>[WDM] - xdist worker is: gw5
[WDM] - ====== WebDriver manager ======
[WDM] - Current google-chrome version is 102.0.5005
[WDM] - Get LATEST chromedriver version for 102.0.5005 google-chrome
[WDM] - Driver [/Users/vsramana/.wdm/gw5/drivers/chromedriver/mac64/102.0.5005.61/chromedriver] found in cache
<br/> -------------------------------Captured log setup------------------------------- <br/>INFO     WDM:logger.py:16 xdist worker is: gw5
INFO     WDM:logger.py:16 ====== WebDriver manager ======
INFO     WDM:logger.py:16 Current google-chrome version is 102.0.5005
INFO     WDM:logger.py:16 Get LATEST chromedriver version for 102.0.5005 google-chrome
INFO     WDM:logger.py:16 Driver [/Users/vsramana/.wdm/gw5/drivers/chromedriver/mac64/102.0.5005.61/chromedriver] found in cache<br/></div></td></tr></tbody>
      <tbody class="passed results-table-row">
        <tr>
          <td class="col-result">Passed</td>
          <td class="col-name">tests/test_login.py::Test_Login::test_validate_login</td>
          <td class="col-duration">43.13</td>
          <td class="col-links"></td></tr>
        <tr>
          <td class="extra" colspan="4">
            <div class="log">[gw3] darwin -- Python 3.9.1 /Users/vsramana/Documents/local-test-scrambler/venv/bin/python<br/>[gw3] darwin -- Python 3.9.1 /Users/vsramana/Documents/local-test-scrambler/venv/bin/python[gw3] darwin -- Python 3.9.1 /Users/vsramana/Documents/local-test-scrambler/venv/bin/python[gw3] darwin -- Python 3.9.1 /Users/vsramana/Documents/local-test-scrambler/venv/bin/python<br/> -----------------------------Captured stdout setup------------------------------ <br/>

<br/> -----------------------------Captured stderr setup------------------------------ <br/>[WDM] - xdist worker is: gw3
[WDM] - ====== WebDriver manager ======
[WDM] - Current google-chrome version is 102.0.5005
[WDM] - Get LATEST chromedriver version for 102.0.5005 google-chrome
[WDM] - Driver [/Users/vsramana/.wdm/gw3/drivers/chromedriver/mac64/102.0.5005.61/chromedriver] found in cache
<br/> -------------------------------Captured log setup------------------------------- <br/>INFO     WDM:logger.py:16 xdist worker is: gw3
INFO     WDM:logger.py:16 ====== WebDriver manager ======
INFO     WDM:logger.py:16 Current google-chrome version is 102.0.5005
INFO     WDM:logger.py:16 Get LATEST chromedriver version for 102.0.5005 google-chrome
INFO     WDM:logger.py:16 Driver [/Users/vsramana/.wdm/gw3/drivers/chromedriver/mac64/102.0.5005.61/chromedriver] found in cache<br/></div></td></tr></tbody>
      <tbody class="passed results-table-row">
        <tr>
          <td class="col-result">Passed</td>
          <td class="col-name">tests/test_deleteproduct.py::Test_DeleteProduct::test_delete_first_product</td>
          <td class="col-duration">100.17</td>
          <td class="col-links"></td></tr>
        <tr>
          <td class="extra" colspan="4">
            <div class="log">[gw2] darwin -- Python 3.9.1 /Users/vsramana/Documents/local-test-scrambler/venv/bin/python<br/>[gw2] darwin -- Python 3.9.1 /Users/vsramana/Documents/local-test-scrambler/venv/bin/python[gw2] darwin -- Python 3.9.1 /Users/vsramana/Documents/local-test-scrambler/venv/bin/python[gw2] darwin -- Python 3.9.1 /Users/vsramana/Documents/local-test-scrambler/venv/bin/python<br/> -----------------------------Captured stdout setup------------------------------ <br/>

<br/> -----------------------------Captured stderr setup------------------------------ <br/>[WDM] - xdist worker is: gw2
[WDM] - ====== WebDriver manager ======
[WDM] - Current google-chrome version is 102.0.5005
[WDM] - Get LATEST chromedriver version for 102.0.5005 google-chrome
[WDM] - Driver [/Users/vsramana/.wdm/gw2/drivers/chromedriver/mac64/102.0.5005.61/chromedriver] found in cache
<br/> -------------------------------Captured log setup------------------------------- <br/>INFO     WDM:logger.py:16 xdist worker is: gw2
INFO     WDM:logger.py:16 ====== WebDriver manager ======
INFO     WDM:logger.py:16 Current google-chrome version is 102.0.5005
INFO     WDM:logger.py:16 Get LATEST chromedriver version for 102.0.5005 google-chrome
INFO     WDM:logger.py:16 Driver [/Users/vsramana/.wdm/gw2/drivers/chromedriver/mac64/102.0.5005.61/chromedriver] found in cache<br/></div></td></tr></tbody>
      <tbody class="passed results-table-row">
        <tr>
          <td class="col-result">Passed</td>
          <td class="col-name">tests/test_addproduct.py::Test_AddProduct::test_add_first_product</td>
          <td class="col-duration">96.06</td>
          <td class="col-links"></td></tr>
        <tr>
          <td class="extra" colspan="4">
            <div class="log">[gw0] darwin -- Python 3.9.1 /Users/vsramana/Documents/local-test-scrambler/venv/bin/python<br/>[gw0] darwin -- Python 3.9.1 /Users/vsramana/Documents/local-test-scrambler/venv/bin/python[gw0] darwin -- Python 3.9.1 /Users/vsramana/Documents/local-test-scrambler/venv/bin/python[gw0] darwin -- Python 3.9.1 /Users/vsramana/Documents/local-test-scrambler/venv/bin/python<br/> -----------------------------Captured stdout setup------------------------------ <br/>

<br/> -----------------------------Captured stderr setup------------------------------ <br/>[WDM] - xdist worker is: gw0
[WDM] - ====== WebDriver manager ======
[WDM] - Current google-chrome version is 102.0.5005
[WDM] - Get LATEST chromedriver version for 102.0.5005 google-chrome
[WDM] - Driver [/Users/vsramana/.wdm/gw0/drivers/chromedriver/mac64/102.0.5005.61/chromedriver] found in cache
<br/> -------------------------------Captured log setup------------------------------- <br/>INFO     WDM:logger.py:16 xdist worker is: gw0
INFO     WDM:logger.py:16 ====== WebDriver manager ======
INFO     WDM:logger.py:16 Current google-chrome version is 102.0.5005
INFO     WDM:logger.py:16 Get LATEST chromedriver version for 102.0.5005 google-chrome
INFO     WDM:logger.py:16 Driver [/Users/vsramana/.wdm/gw0/drivers/chromedriver/mac64/102.0.5005.61/chromedriver] found in cache<br/></div></td></tr></tbody>
      <tbody class="passed results-table-row">
        <tr>
          <td class="col-result">Passed</td>
          <td class="col-name">tests/test_addproduct.py::Test_AddProduct::test_add_product_by_name</td>
          <td class="col-duration">100.63</td>
          <td class="col-links"></td></tr>
        <tr>
          <td class="extra" colspan="4">
            <div class="log">[gw1] darwin -- Python 3.9.1 /Users/vsramana/Documents/local-test-scrambler/venv/bin/python<br/>[gw1] darwin -- Python 3.9.1 /Users/vsramana/Documents/local-test-scrambler/venv/bin/python[gw1] darwin -- Python 3.9.1 /Users/vsramana/Documents/local-test-scrambler/venv/bin/python[gw1] darwin -- Python 3.9.1 /Users/vsramana/Documents/local-test-scrambler/venv/bin/python<br/> -----------------------------Captured stdout setup------------------------------ <br/>

<br/> -----------------------------Captured stderr setup------------------------------ <br/>[WDM] - xdist worker is: gw1
[WDM] - ====== WebDriver manager ======
[WDM] - Current google-chrome version is 102.0.5005
[WDM] - Get LATEST chromedriver version for 102.0.5005 google-chrome
[WDM] - Driver [/Users/vsramana/.wdm/gw1/drivers/chromedriver/mac64/102.0.5005.61/chromedriver] found in cache
<br/> -------------------------------Captured log setup------------------------------- <br/>INFO     WDM:logger.py:16 xdist worker is: gw1
INFO     WDM:logger.py:16 ====== WebDriver manager ======
INFO     WDM:logger.py:16 Current google-chrome version is 102.0.5005
INFO     WDM:logger.py:16 Get LATEST chromedriver version for 102.0.5005 google-chrome
INFO     WDM:logger.py:16 Driver [/Users/vsramana/.wdm/gw1/drivers/chromedriver/mac64/102.0.5005.61/chromedriver] found in cache<br/></div></td></tr></tbody>
      <tbody class="passed results-table-row">
        <tr>
          <td class="col-result">Passed</td>
          <td class="col-name">tests/test_login.py::Test_Login::test_validate_exception_for_missing_password</td>
          <td class="col-duration">38.95</td>
          <td class="col-links"></td></tr>
        <tr>
          <td class="extra" colspan="4">
            <div class="log">[gw5] darwin -- Python 3.9.1 /Users/vsramana/Documents/local-test-scrambler/venv/bin/python<br/>[gw5] darwin -- Python 3.9.1 /Users/vsramana/Documents/local-test-scrambler/venv/bin/python[gw5] darwin -- Python 3.9.1 /Users/vsramana/Documents/local-test-scrambler/venv/bin/python[gw5] darwin -- Python 3.9.1 /Users/vsramana/Documents/local-test-scrambler/venv/bin/python<br/> -----------------------------Captured stdout setup------------------------------ <br/>

<br/> -----------------------------Captured stderr setup------------------------------ <br/>[WDM] - xdist worker is: gw5
[WDM] - ====== WebDriver manager ======
[WDM] - Current google-chrome version is 102.0.5005
[WDM] - Get LATEST chromedriver version for 102.0.5005 google-chrome
[WDM] - Driver [/Users/vsramana/.wdm/gw5/drivers/chromedriver/mac64/102.0.5005.61/chromedriver] found in cache
<br/> -------------------------------Captured log setup------------------------------- <br/>INFO     WDM:logger.py:16 xdist worker is: gw5
INFO     WDM:logger.py:16 ====== WebDriver manager ======
INFO     WDM:logger.py:16 Current google-chrome version is 102.0.5005
INFO     WDM:logger.py:16 Get LATEST chromedriver version for 102.0.5005 google-chrome
INFO     WDM:logger.py:16 Driver [/Users/vsramana/.wdm/gw5/drivers/chromedriver/mac64/102.0.5005.61/chromedriver] found in cache<br/></div></td></tr></tbody>
      <tbody class="passed results-table-row">
        <tr>
          <td class="col-result">Passed</td>
          <td class="col-name">tests/test_registration.py::Test_Registration::test_validate_exception_registration_for_existing_emailid</td>
          <td class="col-duration">43.94</td>
          <td class="col-links"></td></tr>
        <tr>
          <td class="extra" colspan="4">
            <div class="log">[gw3] darwin -- Python 3.9.1 /Users/vsramana/Documents/local-test-scrambler/venv/bin/python<br/>[gw3] darwin -- Python 3.9.1 /Users/vsramana/Documents/local-test-scrambler/venv/bin/python[gw3] darwin -- Python 3.9.1 /Users/vsramana/Documents/local-test-scrambler/venv/bin/python[gw3] darwin -- Python 3.9.1 /Users/vsramana/Documents/local-test-scrambler/venv/bin/python<br/> -----------------------------Captured stdout setup------------------------------ <br/>

<br/> -----------------------------Captured stderr setup------------------------------ <br/>[WDM] - xdist worker is: gw3
[WDM] - ====== WebDriver manager ======
[WDM] - Current google-chrome version is 102.0.5005
[WDM] - Get LATEST chromedriver version for 102.0.5005 google-chrome
[WDM] - Driver [/Users/vsramana/.wdm/gw3/drivers/chromedriver/mac64/102.0.5005.61/chromedriver] found in cache
<br/> -------------------------------Captured log setup------------------------------- <br/>INFO     WDM:logger.py:16 xdist worker is: gw3
INFO     WDM:logger.py:16 ====== WebDriver manager ======
INFO     WDM:logger.py:16 Current google-chrome version is 102.0.5005
INFO     WDM:logger.py:16 Get LATEST chromedriver version for 102.0.5005 google-chrome
INFO     WDM:logger.py:16 Driver [/Users/vsramana/.wdm/gw3/drivers/chromedriver/mac64/102.0.5005.61/chromedriver] found in cache<br/></div></td></tr></tbody>
      <tbody class="passed results-table-row">
        <tr>
          <td class="col-result">Passed</td>
          <td class="col-name">tests/test_login.py::Test_Login::test_validate_exception_for_missing_emailid</td>
          <td class="col-duration">110.52</td>
          <td class="col-links"></td></tr>
        <tr>
          <td class="extra" colspan="4">
            <div class="log">[gw4] darwin -- Python 3.9.1 /Users/vsramana/Documents/local-test-scrambler/venv/bin/python<br/>[gw4] darwin -- Python 3.9.1 /Users/vsramana/Documents/local-test-scrambler/venv/bin/python[gw4] darwin -- Python 3.9.1 /Users/vsramana/Documents/local-test-scrambler/venv/bin/python[gw4] darwin -- Python 3.9.1 /Users/vsramana/Documents/local-test-scrambler/venv/bin/python<br/> -----------------------------Captured stdout setup------------------------------ <br/>

<br/> -----------------------------Captured stderr setup------------------------------ <br/>[WDM] - xdist worker is: gw4
[WDM] - ====== WebDriver manager ======
[WDM] - Current google-chrome version is 102.0.5005
[WDM] - Get LATEST chromedriver version for 102.0.5005 google-chrome
[WDM] - Driver [/Users/vsramana/.wdm/gw4/drivers/chromedriver/mac64/102.0.5005.61/chromedriver] found in cache
<br/> -------------------------------Captured log setup------------------------------- <br/>INFO     WDM:logger.py:16 xdist worker is: gw4
INFO     WDM:logger.py:16 ====== WebDriver manager ======
INFO     WDM:logger.py:16 Current google-chrome version is 102.0.5005
INFO     WDM:logger.py:16 Get LATEST chromedriver version for 102.0.5005 google-chrome
INFO     WDM:logger.py:16 Driver [/Users/vsramana/.wdm/gw4/drivers/chromedriver/mac64/102.0.5005.61/chromedriver] found in cache<br/></div></td></tr></tbody>
      <tbody class="passed results-table-row">
        <tr>
          <td class="col-result">Passed</td>
          <td class="col-name">tests/test_login.py::Test_Login::test_validate_exception_for_invalid_email_login</td>
          <td class="col-duration">35.35</td>
          <td class="col-links"></td></tr>
        <tr>
          <td class="extra" colspan="4">
            <div class="log">[gw0] darwin -- Python 3.9.1 /Users/vsramana/Documents/local-test-scrambler/venv/bin/python<br/>[gw0] darwin -- Python 3.9.1 /Users/vsramana/Documents/local-test-scrambler/venv/bin/python[gw0] darwin -- Python 3.9.1 /Users/vsramana/Documents/local-test-scrambler/venv/bin/python[gw0] darwin -- Python 3.9.1 /Users/vsramana/Documents/local-test-scrambler/venv/bin/python<br/> -----------------------------Captured stdout setup------------------------------ <br/>

<br/> -----------------------------Captured stderr setup------------------------------ <br/>[WDM] - xdist worker is: gw0
[WDM] - ====== WebDriver manager ======
[WDM] - Current google-chrome version is 102.0.5005
[WDM] - Get LATEST chromedriver version for 102.0.5005 google-chrome
[WDM] - Driver [/Users/vsramana/.wdm/gw0/drivers/chromedriver/mac64/102.0.5005.61/chromedriver] found in cache
<br/> -------------------------------Captured log setup------------------------------- <br/>INFO     WDM:logger.py:16 xdist worker is: gw0
INFO     WDM:logger.py:16 ====== WebDriver manager ======
INFO     WDM:logger.py:16 Current google-chrome version is 102.0.5005
INFO     WDM:logger.py:16 Get LATEST chromedriver version for 102.0.5005 google-chrome
INFO     WDM:logger.py:16 Driver [/Users/vsramana/.wdm/gw0/drivers/chromedriver/mac64/102.0.5005.61/chromedriver] found in cache<br/></div></td></tr></tbody>
      <tbody class="passed results-table-row">
        <tr>
          <td class="col-result">Passed</td>
          <td class="col-name">tests/test_registration.py::Test_Registration::test_registration</td>
          <td class="col-duration">36.52</td>
          <td class="col-links"></td></tr>
        <tr>
          <td class="extra" colspan="4">
            <div class="log">[gw2] darwin -- Python 3.9.1 /Users/vsramana/Documents/local-test-scrambler/venv/bin/python<br/>[gw2] darwin -- Python 3.9.1 /Users/vsramana/Documents/local-test-scrambler/venv/bin/python[gw2] darwin -- Python 3.9.1 /Users/vsramana/Documents/local-test-scrambler/venv/bin/python[gw2] darwin -- Python 3.9.1 /Users/vsramana/Documents/local-test-scrambler/venv/bin/python<br/> -----------------------------Captured stdout setup------------------------------ <br/>

<br/> -----------------------------Captured stderr setup------------------------------ <br/>[WDM] - xdist worker is: gw2
[WDM] - ====== WebDriver manager ======
[WDM] - Current google-chrome version is 102.0.5005
[WDM] - Get LATEST chromedriver version for 102.0.5005 google-chrome
[WDM] - Driver [/Users/vsramana/.wdm/gw2/drivers/chromedriver/mac64/102.0.5005.61/chromedriver] found in cache
<br/> -------------------------------Captured log setup------------------------------- <br/>INFO     WDM:logger.py:16 xdist worker is: gw2
INFO     WDM:logger.py:16 ====== WebDriver manager ======
INFO     WDM:logger.py:16 Current google-chrome version is 102.0.5005
INFO     WDM:logger.py:16 Get LATEST chromedriver version for 102.0.5005 google-chrome
INFO     WDM:logger.py:16 Driver [/Users/vsramana/.wdm/gw2/drivers/chromedriver/mac64/102.0.5005.61/chromedriver] found in cache<br/></div></td></tr></tbody>
      <tbody class="passed results-table-row">
        <tr>
          <td class="col-result">Passed</td>
          <td class="col-name">tests/test_login.py::Test_Login::test_validate_exception_for_invalid_password_login</td>
          <td class="col-duration">35.01</td>
          <td class="col-links"></td></tr>
        <tr>
          <td class="extra" colspan="4">
            <div class="log">[gw1] darwin -- Python 3.9.1 /Users/vsramana/Documents/local-test-scrambler/venv/bin/python<br/>[gw1] darwin -- Python 3.9.1 /Users/vsramana/Documents/local-test-scrambler/venv/bin/python[gw1] darwin -- Python 3.9.1 /Users/vsramana/Documents/local-test-scrambler/venv/bin/python[gw1] darwin -- Python 3.9.1 /Users/vsramana/Documents/local-test-scrambler/venv/bin/python<br/> -----------------------------Captured stdout setup------------------------------ <br/>

<br/> -----------------------------Captured stderr setup------------------------------ <br/>[WDM] - xdist worker is: gw1
[WDM] - ====== WebDriver manager ======
[WDM] - Current google-chrome version is 102.0.5005
[WDM] - Get LATEST chromedriver version for 102.0.5005 google-chrome
[WDM] - Driver [/Users/vsramana/.wdm/gw1/drivers/chromedriver/mac64/102.0.5005.61/chromedriver] found in cache
<br/> -------------------------------Captured log setup------------------------------- <br/>INFO     WDM:logger.py:16 xdist worker is: gw1
INFO     WDM:logger.py:16 ====== WebDriver manager ======
INFO     WDM:logger.py:16 Current google-chrome version is 102.0.5005
INFO     WDM:logger.py:16 Get LATEST chromedriver version for 102.0.5005 google-chrome
INFO     WDM:logger.py:16 Driver [/Users/vsramana/.wdm/gw1/drivers/chromedriver/mac64/102.0.5005.61/chromedriver] found in cache<br/> -------------------------------Captured log call-------------------------------- <br/>INFO     test_validate_exception_for_invalid_password_login:test_login.py:167 Title is My Store
INFO     test_validate_exception_for_invalid_password_login:test_login.py:173 Clicked on Sign In Button
INFO     test_validate_exception_for_invalid_password_login:test_login.py:176 Sign In Page loaded
INFO     test_validate_exception_for_invalid_password_login:test_login.py:188 Validation Message displayed for Invalid password:Authentication failed.<br/></div></td></tr></tbody>
      <tbody class="passed results-table-row">
        <tr>
          <td class="col-result">Passed</td>
          <td class="col-name">tests/test_registration.py::Test_Registration::test_validate_exception_registration_for_invalid_emailid</td>
          <td class="col-duration">25.14</td>
          <td class="col-links"></td></tr>
        <tr>
          <td class="extra" colspan="4">
            <div class="log">[gw4] darwin -- Python 3.9.1 /Users/vsramana/Documents/local-test-scrambler/venv/bin/python<br/>[gw4] darwin -- Python 3.9.1 /Users/vsramana/Documents/local-test-scrambler/venv/bin/python[gw4] darwin -- Python 3.9.1 /Users/vsramana/Documents/local-test-scrambler/venv/bin/python[gw4] darwin -- Python 3.9.1 /Users/vsramana/Documents/local-test-scrambler/venv/bin/python<br/> -----------------------------Captured stdout setup------------------------------ <br/>

<br/> -----------------------------Captured stderr setup------------------------------ <br/>[WDM] - xdist worker is: gw4
[WDM] - ====== WebDriver manager ======
[WDM] - Current google-chrome version is 102.0.5005
[WDM] - Get LATEST chromedriver version for 102.0.5005 google-chrome
[WDM] - Driver [/Users/vsramana/.wdm/gw4/drivers/chromedriver/mac64/102.0.5005.61/chromedriver] found in cache
<br/> -------------------------------Captured log setup------------------------------- <br/>INFO     WDM:logger.py:16 xdist worker is: gw4
INFO     WDM:logger.py:16 ====== WebDriver manager ======
INFO     WDM:logger.py:16 Current google-chrome version is 102.0.5005
INFO     WDM:logger.py:16 Get LATEST chromedriver version for 102.0.5005 google-chrome
INFO     WDM:logger.py:16 Driver [/Users/vsramana/.wdm/gw4/drivers/chromedriver/mac64/102.0.5005.61/chromedriver] found in cache<br/></div></td></tr></tbody></table></body></html>