{"content": {"suites": {"0": {"status": {"total_pass": 1, "total_skip": 0, "total_xpass": 0, "total_xfail": 0, "total_rerun": 0, "total_fail": 0, "total_error": 0}, "tests": {"0": {"status": "PASS", "message": "", "test_name": "test_validate_exception_for_missing_password", "rerun": "0"}}, "suite_name": "tests/test_login.py"}, "1": {"suite_name": "tests/test_registration.py", "tests": {"0": {"status": "FAIL", "message": "       AssertionError\n", "test_name": "test_validate_exception_for_mandatory_fields_in_registration", "rerun": "0"}, "1": {"status": "FAIL", "message": "   selenium.common.exceptions.ElementNotInteractableException: Message: element not interactable\n     (Session info: chrome=102.0.5005.115)\n   Stacktrace:\n   0   chromedriver                        0x0000000110441d19 chromedriver + 5197081\n   1   chromedriver                        0x00000001103cfb23 chromedriver + 4729635\n   2   chromedriver                        0x000000010ffad16f chromedriver + 393583\n   3   chromedriver                        0x000000010ffe3477 chromedriver + 615543\n   4   chromedriver                        0x000000010ffd7689 chromedriver + 566921\n   5   chromedriver                        0x000000010ffff802 chromedriver + 731138\n   6   chromedriver                        0x000000010ffd6f45 chromedriver + 565061\n   7   chromedriver                        0x000000010ffff90e chromedriver + 731406\n   8   chromedriver                        0x00000001100122a1 chromedriver + 807585\n   9   chromedriver                        0x000000010ffff6f3 chromedriver + 730867\n   10  chromedriver                        0x000000010ffd5a49 chromedriver + 559689\n   11  chromedriver                        0x000000010ffd6a75 chromedriver + 563829\n   12  chromedriver                        0x0000000110413bdd chromedriver + 5008349\n   13  chromedriver                        0x0000000110418b64 chromedriver + 5028708\n   14  chromedriver                        0x000000011041dbcf chromedriver + 5049295\n   15  chromedriver                        0x00000001104197ca chromedriver + 5031882\n   16  chromedriver                        0x00000001103f359f chromedriver + 4875679\n   17  chromedriver                        0x0000000110433388 chromedriver + 5137288\n   18  chromedriver                        0x000000011043350f chromedriver + 5137679\n   19  chromedriver                        0x0000000110449085 chromedriver + 5226629\n   20  libsystem_pthread.dylib             0x00007ff8176d64e1 _pthread_start + 125\n   21  libsystem_pthread.dylib             0x00007ff8176d1f6b thread_start + 15\n", "test_name": "test_validate_exception_for_invalid_registration", "rerun": "0"}}, "status": {"total_pass": 0, "total_skip": 0, "total_xpass": 0, "total_xfail": 0, "total_rerun": 0, "total_fail": 2, "total_error": 0}}}}, "date": "June 21, 2022", "start_time": 1655803872.842145, "total_suite": 2, "status": "FAIL", "status_list": {"pass": "1", "fail": "2", "skip": "0", "error": "0", "xpass": "0", "xfail": "0", "rerun": "0"}, "total_tests": "3"}